<?xml version="1.0" encoding="UTF-8"?>
<!-- Generated by org.testng.reporters.JUnitReportReporter -->
<testsuite hostname="aaaa.local" name="com.code.java.selenium.CreateOffer" tests="1" failures="0" timestamp="2 Aug 2016 16:15:34 GMT" time="69.715" errors="0">
  <testcase name="testCreateOffer" time="69.715" classname="com.code.java.selenium.CreateOffer"/>
</testsuite> <!-- com.code.java.selenium.CreateOffer -->
