<?xml version="1.0" encoding="UTF-8"?>
<!-- Generated by org.testng.reporters.JUnitReportReporter -->
<testsuite hostname="aaaa.local" name="com.code.java.selenium.EmployeeProfile" tests="1" failures="0" timestamp="31 Jul 2016 01:11:56 GMT" time="72.450" errors="0">
  <testcase name="testEmployeeProfile" time="72.450" classname="com.code.java.selenium.EmployeeProfile"/>
</testsuite> <!-- com.code.java.selenium.EmployeeProfile -->
