<?xml version="1.0" encoding="UTF-8"?>
<!-- Generated by org.testng.reporters.JUnitReportReporter -->
<testsuite hostname="aaaa.local" name="com.code.java.selenium.Dashboard" tests="1" failures="0" timestamp="2 Aug 2016 05:12:27 GMT" time="33.053" errors="0">
  <testcase name="testDashboard" time="33.053" classname="com.code.java.selenium.Dashboard"/>
</testsuite> <!-- com.code.java.selenium.Dashboard -->
