<?xml version="1.0" encoding="UTF-8"?>
<!-- Generated by org.testng.reporters.JUnitReportReporter -->
<testsuite hostname="aaaa.local" name="com.code.java.selenium.CreateReward" tests="1" failures="0" timestamp="2 Aug 2016 22:37:26 GMT" time="81.663" errors="0">
  <testcase name="testCreateOffer" time="81.663" classname="com.code.java.selenium.CreateReward"/>
</testsuite> <!-- com.code.java.selenium.CreateReward -->
