<?xml version="1.0" encoding="UTF-8"?>
<!-- Generated by org.testng.reporters.JUnitReportReporter -->
<testsuite hostname="aaaa.local" name="com.code.java.selenium.MyProfile" tests="1" failures="0" timestamp="29 Jul 2016 18:06:36 GMT" time="25.563" errors="0">
  <testcase name="testMyProfile" time="25.563" classname="com.code.java.selenium.MyProfile"/>
</testsuite> <!-- com.code.java.selenium.MyProfile -->
