<?xml version="1.0" encoding="UTF-8"?>
<!-- Generated by org.testng.reporters.JUnitReportReporter -->
<testsuite hostname="aaaa.local" name="com.code.java.selenium.DashboardTest" tests="1" failures="0" timestamp="18 Jul 2016 16:55:50 GMT" time="15.019" errors="0">
  <testcase name="testDashboard" time="15.019" classname="com.code.java.selenium.DashboardTest"/>
</testsuite> <!-- com.code.java.selenium.DashboardTest -->
