<?xml version="1.0" encoding="UTF-8"?>
<!-- Generated by org.testng.reporters.JUnitReportReporter -->
<testsuite hostname="aaaa.local" name="com.code.java.selenium.CreatePointsCampaign" tests="1" failures="0" timestamp="2 Aug 2016 17:40:02 GMT" time="112.293" errors="0">
  <testcase name="testCreateOffer" time="112.293" classname="com.code.java.selenium.CreatePointsCampaign"/>
</testsuite> <!-- com.code.java.selenium.CreatePointsCampaign -->
