<?xml version="1.0" encoding="UTF-8"?>
<!-- Generated by org.testng.reporters.JUnitReportReporter -->
<testsuite hostname="aaaa.local" name="com.code.java.selenium.ReportPage_PendingEnrollmentsReport" tests="1" failures="0" timestamp="29 Jul 2016 17:34:05 GMT" time="75.447" errors="0">
  <testcase name="testPendingEnrollmentsReport" time="75.447" classname="com.code.java.selenium.ReportPage_PendingEnrollmentsReport"/>
</testsuite> <!-- com.code.java.selenium.ReportPage_PendingEnrollmentsReport -->
