<?xml version="1.0" encoding="UTF-8"?>
<!-- Generated by org.testng.reporters.JUnitReportReporter -->
<testsuite hostname="aaaa.local" name="com.code.java.selenium.SeleniumTest" tests="1" failures="0" timestamp="18 Jul 2016 16:49:14 GMT" time="17.734" errors="0">
  <testcase name="seleniumTest" time="17.734" classname="com.code.java.selenium.SeleniumTest"/>
</testsuite> <!-- com.code.java.selenium.SeleniumTest -->
