<?xml version="1.0" encoding="UTF-8"?>
<!-- Generated by org.testng.reporters.JUnitReportReporter -->
<testsuite hostname="aaaa.local" name="com.code.java.selenium.EndReward" tests="1" failures="0" timestamp="2 Aug 2016 22:38:53 GMT" time="66.956" errors="0">
  <testcase name="testCreateOffer" time="66.956" classname="com.code.java.selenium.EndReward"/>
</testsuite> <!-- com.code.java.selenium.EndReward -->
