<?xml version="1.0" encoding="UTF-8"?>
<!-- Generated by org.testng.reporters.JUnitReportReporter -->
<testsuite hostname="aaaa.local" name="com.code.java.selenium.ReportPage_RewardRedemptionReport" tests="2" failures="0" timestamp="23 Aug 2016 19:08:56 GMT" time="198.879" errors="0">
  <testcase name="testRewardRedemptionReport" time="98.700" classname="com.code.java.selenium.ReportPage_RewardRedemptionReport"/>
  <testcase name="testRewardRedemptionReport" time="100.179" classname="com.code.java.selenium.ReportPage_RewardRedemptionReport"/>
</testsuite> <!-- com.code.java.selenium.ReportPage_RewardRedemptionReport -->
