<?xml version="1.0" encoding="UTF-8"?>
<!-- Generated by org.testng.reporters.JUnitReportReporter -->
<testsuite hostname="aaaa.local" name="com.code.java.selenium.EmployeeProfile" tests="2" failures="0" timestamp="23 Aug 2016 19:08:56 GMT" time="138.584" errors="0">
  <testcase name="testEmployeeProfile" time="69.684" classname="com.code.java.selenium.EmployeeProfile"/>
  <testcase name="testEmployeeProfile" time="68.900" classname="com.code.java.selenium.EmployeeProfile"/>
</testsuite> <!-- com.code.java.selenium.EmployeeProfile -->
