<?xml version="1.0" encoding="UTF-8"?>
<!-- Generated by org.testng.reporters.JUnitReportReporter -->
<testsuite hostname="aaaa.local" name="com.code.java.selenium.SignInPageandForgetPasswordTestDev" tests="1" failures="0" timestamp="23 Aug 2016 19:08:56 GMT" time="30.041" errors="0">
  <testcase name="testsignInPage" time="30.041" classname="com.code.java.selenium.SignInPageandForgetPasswordTestDev"/>
</testsuite> <!-- com.code.java.selenium.SignInPageandForgetPasswordTestDev -->
