<?xml version="1.0" encoding="UTF-8"?>
<!-- Generated by org.testng.reporters.JUnitReportReporter -->
<testsuite hostname="aaaa.local" name="com.code.java.selenium.Dashboard" tests="2" failures="0" timestamp="23 Aug 2016 19:08:56 GMT" time="100.371" errors="0">
  <testcase name="testDashboard" time="46.574" classname="com.code.java.selenium.Dashboard"/>
  <testcase name="testDashboard" time="53.797" classname="com.code.java.selenium.Dashboard"/>
</testsuite> <!-- com.code.java.selenium.Dashboard -->
