<?xml version="1.0" encoding="UTF-8"?>
<!-- Generated by org.testng.reporters.JUnitReportReporter -->
<testsuite hostname="aaaa.local" name="com.code.java.selenium.ReportPage_PendingEnrollmentsReport" tests="2" failures="0" timestamp="23 Aug 2016 19:08:56 GMT" time="187.093" errors="0">
  <testcase name="testPendingEnrollmentsReport" time="93.004" classname="com.code.java.selenium.ReportPage_PendingEnrollmentsReport"/>
  <testcase name="testPendingEnrollmentsReport" time="94.089" classname="com.code.java.selenium.ReportPage_PendingEnrollmentsReport"/>
</testsuite> <!-- com.code.java.selenium.ReportPage_PendingEnrollmentsReport -->
