<?xml version="1.0" encoding="UTF-8"?>
<!-- Generated by org.testng.reporters.JUnitReportReporter -->
<testsuite hostname="aaaa.local" name="com.code.java.selenium.FilesfromTeamworkDev" tests="1" failures="0" timestamp="23 Aug 2016 19:08:56 GMT" time="32.261" errors="0">
  <testcase name="testFilesfromTeamwork" time="32.261" classname="com.code.java.selenium.FilesfromTeamworkDev"/>
</testsuite> <!-- com.code.java.selenium.FilesfromTeamworkDev -->
