<?xml version="1.0" encoding="UTF-8"?>
<!-- Generated by org.testng.reporters.JUnitReportReporter -->
<testsuite hostname="aaaa.local" name="com.code.java.selenium.BuzzPointsUserPage" tests="2" failures="0" timestamp="23 Aug 2016 19:08:56 GMT" time="76.583" errors="0">
  <testcase name="testBuzzPointsUserPage" time="40.311" classname="com.code.java.selenium.BuzzPointsUserPage"/>
  <testcase name="testBuzzPointsUserPage" time="36.272" classname="com.code.java.selenium.BuzzPointsUserPage"/>
</testsuite> <!-- com.code.java.selenium.BuzzPointsUserPage -->
