<?xml version="1.0" encoding="UTF-8"?>
<!-- Generated by org.testng.reporters.JUnitReportReporter -->
<testsuite hostname="aaaa.local" name="com.code.java.selenium.SignInPageandForgetPasswordTest" tests="1" failures="0" timestamp="23 Aug 2016 19:08:56 GMT" time="27.552" errors="0">
  <testcase name="testsignInPage" time="27.552" classname="com.code.java.selenium.SignInPageandForgetPasswordTest"/>
</testsuite> <!-- com.code.java.selenium.SignInPageandForgetPasswordTest -->
