<?xml version="1.0" encoding="UTF-8"?>
<!-- Generated by org.testng.reporters.JUnitReportReporter -->
<testsuite hostname="aaaa.local" name="com.code.java.selenium.EmployeeManagementpage" tests="2" failures="0" timestamp="23 Aug 2016 19:08:56 GMT" time="99.937" errors="0">
  <testcase name="testEmployeeManagementpage" time="48.252" classname="com.code.java.selenium.EmployeeManagementpage"/>
  <testcase name="testEmployeeManagementpage" time="51.685" classname="com.code.java.selenium.EmployeeManagementpage"/>
</testsuite> <!-- com.code.java.selenium.EmployeeManagementpage -->
