<?xml version="1.0" encoding="UTF-8"?>
<!-- Generated by org.testng.reporters.JUnitReportReporter -->
<testsuite hostname="aaaa.local" name="com.code.java.selenium.ReportPage_EnrollmentReport" tests="2" failures="0" timestamp="23 Aug 2016 19:08:56 GMT" time="180.391" errors="0">
  <testcase name="testEnrollmentReport" time="87.596" classname="com.code.java.selenium.ReportPage_EnrollmentReport"/>
  <testcase name="testEnrollmentReport" time="92.795" classname="com.code.java.selenium.ReportPage_EnrollmentReport"/>
</testsuite> <!-- com.code.java.selenium.ReportPage_EnrollmentReport -->
