<?xml version="1.0" encoding="UTF-8"?>
<!-- Generated by org.testng.reporters.JUnitReportReporter -->
<testsuite hostname="aaaa.local" name="com.code.java.selenium.ReportPage_PreferredLocalBusinessReport" tests="2" failures="0" timestamp="23 Aug 2016 19:08:56 GMT" time="225.324" errors="0">
  <testcase name="testPreferredLocalBusinessReport" time="119.810" classname="com.code.java.selenium.ReportPage_PreferredLocalBusinessReport"/>
  <testcase name="testPreferredLocalBusinessReport" time="105.514" classname="com.code.java.selenium.ReportPage_PreferredLocalBusinessReport"/>
</testsuite> <!-- com.code.java.selenium.ReportPage_PreferredLocalBusinessReport -->
