<?xml version="1.0" encoding="UTF-8"?>
<!-- Generated by org.testng.reporters.JUnitReportReporter -->
<testsuite hostname="aaaa.local" name="com.code.java.selenium.EmployeeProfileEdit" tests="2" failures="0" timestamp="23 Aug 2016 19:08:56 GMT" time="81.382" errors="0">
  <testcase name="testEmployeeProfileEdit" time="39.134" classname="com.code.java.selenium.EmployeeProfileEdit"/>
  <testcase name="testEmployeeProfileEdit" time="42.248" classname="com.code.java.selenium.EmployeeProfileEdit"/>
</testsuite> <!-- com.code.java.selenium.EmployeeProfileEdit -->
