<?xml version="1.0" encoding="UTF-8"?>
<!-- Generated by org.testng.reporters.JUnitReportReporter -->
<testsuite hostname="aaaa.local" name="com.code.java.selenium.MyProfile" tests="2" failures="0" timestamp="23 Aug 2016 19:08:56 GMT" time="66.326" errors="0">
  <testcase name="testMyProfile" time="35.003" classname="com.code.java.selenium.MyProfile"/>
  <testcase name="testMyProfile" time="31.323" classname="com.code.java.selenium.MyProfile"/>
</testsuite> <!-- com.code.java.selenium.MyProfile -->
